<?xml version="1.0" encoding="UTF-8"?>
<testng-results skipped="0" failed="0" ignored="0" total="1" passed="1">
  <reporter-output>
    <line>
      <![CDATA[Opening Google page succesfull]]>
    </line>
  </reporter-output>
  <suite name="Default suite" duration-ms="12944" started-at="2017-02-26T16:43:02Z" finished-at="2017-02-26T16:43:15Z">
    <groups>
    </groups>
    <test name="Default test" duration-ms="12944" started-at="2017-02-26T16:43:02Z" finished-at="2017-02-26T16:43:15Z">
      <class name="Log4j.Log4jTestNG">
        <test-method status="PASS" signature="f()[pri:0, instance:Log4j.Log4jTestNG@7085bdee]" name="f" duration-ms="12915" started-at="2017-02-26T08:43:02Z" finished-at="2017-02-26T08:43:15Z">
          <reporter-output>
            <line>
              <![CDATA[Opening Google page succesfull]]>
            </line>
          </reporter-output>
        </test-method> <!-- f -->
      </class> <!-- Log4j.Log4jTestNG -->
    </test> <!-- Default test -->
  </suite> <!-- Default suite -->
</testng-results>
